Traceback (most recent call last):
  File "/home/trade/anaconda3/lib/python3.8/site-packages/jupyter_cache/executors/utils.py", line 51, in single_nb_execution
    executenb(
  File "/home/trade/anaconda3/lib/python3.8/site-packages/nbclient/client.py", line 1082, in execute
    return NotebookClient(nb=nb, resources=resources, km=km, **kwargs).execute()
  File "/home/trade/anaconda3/lib/python3.8/site-packages/nbclient/util.py", line 74, in wrapped
    return just_run(coro(*args, **kwargs))
  File "/home/trade/anaconda3/lib/python3.8/site-packages/nbclient/util.py", line 53, in just_run
    return loop.run_until_complete(coro)
  File "/home/trade/anaconda3/lib/python3.8/asyncio/base_events.py", line 616, in run_until_complete
    return future.result()
  File "/home/trade/anaconda3/lib/python3.8/site-packages/nbclient/client.py", line 535, in async_execute
    await self.async_execute_cell(
  File "/home/trade/anaconda3/lib/python3.8/site-packages/nbclient/client.py", line 827, in async_execute_cell
    self._check_raise_for_error(cell, exec_reply)
  File "/home/trade/anaconda3/lib/python3.8/site-packages/nbclient/client.py", line 735, in _check_raise_for_error
    raise CellExecutionError.from_cell_and_msg(cell, exec_reply['content'])
nbclient.exceptions.CellExecutionError: An error occurred while executing the following cell:
------------------
def heaviside_step(x):
    if isinstance(x, np.ndarray):
        return np.where(x >= 0, 1, 0)
    else:
        return 1.0 if x >= 0 else 0.0 

x = np.linspace(-1, 1, 1000)

sign = np.sign(x)
step = heaviside_step(x)

plt.figure(figsize=(7, 4))
plt.subplot(121)
plt.plot(x, sign, "r-")
plt.title("ë¶€í˜¸ í•¨ìˆ˜")
plt.ylim(-1.5, 1.5)
plt.subplot(122)
plt.plot(x, step, "k-")
plt.title("í—¤ë¹„ì‚¬ì´ë“œ ìŠ¤í… í•¨ìˆ˜")
plt.ylim(-1.5, 1.5)
plt.tight_layout()
plt.show()
------------------

[0;31m---------------------------------------------------------------------------[0m
[0;31mNameError[0m                                 Traceback (most recent call last)
[0;32m<ipython-input-1-0f073e634a2b>[0m in [0;36m<module>[0;34m[0m
[1;32m      5[0m         [0;32mreturn[0m [0;36m1.0[0m [0;32mif[0m [0mx[0m [0;34m>=[0m [0;36m0[0m [0;32melse[0m [0;36m0.0[0m[0;34m[0m[0;34m[0m[0m
[1;32m      6[0m [0;34m[0m[0m
[0;32m----> 7[0;31m [0mx[0m [0;34m=[0m [0mnp[0m[0;34m.[0m[0mlinspace[0m[0;34m([0m[0;34m-[0m[0;36m1[0m[0;34m,[0m [0;36m1[0m[0;34m,[0m [0;36m1000[0m[0;34m)[0m[0;34m[0m[0;34m[0m[0m
[0m[1;32m      8[0m [0;34m[0m[0m
[1;32m      9[0m [0msign[0m [0;34m=[0m [0mnp[0m[0;34m.[0m[0msign[0m[0;34m([0m[0mx[0m[0;34m)[0m[0;34m[0m[0;34m[0m[0m

[0;31mNameError[0m: name 'np' is not defined
NameError: name 'np' is not defined

